<testsuites id="" name="" tests="1" failures="1" skipped="0" errors="0" time="33.126269">
<testsuite name="tests\smoke\critical-flow.spec.ts" timestamp="2026-01-20T15:26:34.904Z" hostname="chromium" tests="1" failures="1" skipped="0" time="31.231" errors="0">
<testcase name="스모크 테스트: 핵심 플로우 › 전체 핵심 플로우 검증" classname="tests\smoke\critical-flow.spec.ts" time="31.231">
<failure message="critical-flow.spec.ts:8:3 전체 핵심 플로우 검증" type="FAILURE">
<![CDATA[  [chromium] › tests\smoke\critical-flow.spec.ts:8:3 › 스모크 테스트: 핵심 플로우 › 전체 핵심 플로우 검증 ──────────────

    Test timeout of 30000ms exceeded.

    Error: page.waitForLoadState: Test timeout of 30000ms exceeded.

       9 |     // 1. 앱 로딩 확인
      10 |     await page.goto('/');
    > 11 |     await page.waitForLoadState('networkidle');
         |                ^
      12 |     await expect(page).toHaveTitle(/마음로그|MaumLog/i);
      13 |     console.log('✅ 1. 앱 로딩 성공');
      14 |
        at C:\INEESm\e2e\tests\smoke\critical-flow.spec.ts:11:16

    attachment #1: screenshot (image/png) ──────────────────────────────────────────────────────────
    ..\test-results\tests-smoke-critical-flow-스모크-테스트-핵심-플로우-전체-핵심-플로우-검증-chromium\test-failed-1.png
    ────────────────────────────────────────────────────────────────────────────────────────────────

    attachment #2: video (video/webm) ──────────────────────────────────────────────────────────────
    ..\test-results\tests-smoke-critical-flow-스모크-테스트-핵심-플로우-전체-핵심-플로우-검증-chromium\video.webm
    ────────────────────────────────────────────────────────────────────────────────────────────────

    Error Context: ..\test-results\tests-smoke-critical-flow-스모크-테스트-핵심-플로우-전체-핵심-플로우-검증-chromium\error-context.md
]]>
</failure>
<system-out>
<![CDATA[
[[ATTACHMENT|test-results\tests-smoke-critical-flow-스모크-테스트-핵심-플로우-전체-핵심-플로우-검증-chromium\test-failed-1.png]]

[[ATTACHMENT|test-results\tests-smoke-critical-flow-스모크-테스트-핵심-플로우-전체-핵심-플로우-검증-chromium\video.webm]]

[[ATTACHMENT|test-results\tests-smoke-critical-flow-스모크-테스트-핵심-플로우-전체-핵심-플로우-검증-chromium\error-context.md]]
]]>
</system-out>
</testcase>
</testsuite>
</testsuites>